2022-06-03 20:16:47,354 INFO: {'exp_num': '0', 'data_path': '/home/lab16/jupyter_home/Data/product_image/', 'Kfold': 1, 'model_path': 'results/', 'encoder_name': 'regnety_064', 'drop_path_rate': 0.2, 'img_size': 224, 'batch_size': 16, 'epochs': 50, 'optimizer': 'Lamb', 'initial_lr': 5e-06, 'weight_decay': 0.001, 'aug_ver': 2, 'scheduler': 'cycle', 'warm_epoch': 5, 'max_lr': 0.001, 'min_lr': 5e-06, 'tmax': 145, 'patience': 50, 'clipping': None, 'amp': True, 'multi_gpu': False, 'logging': False, 'num_workers': 0, 'seed': 42, 'fold': 0}
2022-06-03 20:16:51,533 INFO: Computational complexity:       6.37 GMac
2022-06-03 20:16:51,534 INFO: Number of parameters:           29.38 M 
2022-06-03 20:50:34,301 INFO: Epoch:[001/050]
2022-06-03 20:50:34,302 INFO: Train Loss:4.407 | Acc:0.0129 | F1:0.0068
2022-06-03 20:54:46,610 INFO: val Loss:4.411 | Acc:0.0140 | F1:0.0062
2022-06-03 20:54:47,292 INFO: -----------------SAVE:1epoch----------------
2022-06-03 21:28:22,541 INFO: Epoch:[002/050]
2022-06-03 21:28:22,542 INFO: Train Loss:4.410 | Acc:0.0128 | F1:0.0055
2022-06-03 21:32:28,346 INFO: val Loss:4.414 | Acc:0.0123 | F1:0.0064
2022-06-03 22:05:54,074 INFO: Epoch:[003/050]
2022-06-03 22:05:54,074 INFO: Train Loss:4.404 | Acc:0.0115 | F1:0.0065
2022-06-03 22:10:03,436 INFO: val Loss:4.418 | Acc:0.0105 | F1:0.0039
2022-06-03 22:43:40,621 INFO: Epoch:[004/050]
2022-06-03 22:43:40,621 INFO: Train Loss:4.400 | Acc:0.0126 | F1:0.0064
2022-06-03 22:47:51,396 INFO: val Loss:4.423 | Acc:0.0114 | F1:0.0029
2022-06-03 23:21:14,958 INFO: Epoch:[005/050]
2022-06-03 23:21:14,958 INFO: Train Loss:4.392 | Acc:0.0143 | F1:0.0086
2022-06-03 23:25:20,022 INFO: val Loss:4.405 | Acc:0.0175 | F1:0.0089
2022-06-03 23:25:21,066 INFO: -----------------SAVE:5epoch----------------
2022-06-03 23:58:38,336 INFO: Epoch:[006/050]
2022-06-03 23:58:38,337 INFO: Train Loss:4.369 | Acc:0.0136 | F1:0.0088
2022-06-04 00:02:44,130 INFO: val Loss:4.335 | Acc:0.0158 | F1:0.0132
2022-06-04 00:02:45,193 INFO: -----------------SAVE:6epoch----------------
2022-06-04 00:40:06,733 INFO: Epoch:[007/050]
2022-06-04 00:40:06,734 INFO: Train Loss:4.328 | Acc:0.0180 | F1:0.0152
2022-06-04 00:46:10,579 INFO: val Loss:4.275 | Acc:0.0289 | F1:0.0219
2022-06-04 00:46:11,979 INFO: -----------------SAVE:7epoch----------------
2022-06-04 01:27:38,238 INFO: Epoch:[008/050]
2022-06-04 01:27:38,239 INFO: Train Loss:4.291 | Acc:0.0242 | F1:0.0220
2022-06-04 01:31:46,849 INFO: val Loss:4.188 | Acc:0.0456 | F1:0.0374
2022-06-04 01:31:47,873 INFO: -----------------SAVE:8epoch----------------
2022-06-04 02:06:29,540 INFO: Epoch:[009/050]
2022-06-04 02:06:29,541 INFO: Train Loss:4.198 | Acc:0.0429 | F1:0.0378
2022-06-04 02:12:29,834 INFO: val Loss:3.983 | Acc:0.0825 | F1:0.0677
2022-06-04 02:12:44,364 INFO: -----------------SAVE:9epoch----------------
2022-06-04 03:01:12,725 INFO: Epoch:[010/050]
2022-06-04 03:01:12,726 INFO: Train Loss:4.017 | Acc:0.0672 | F1:0.0577
2022-06-04 03:07:14,616 INFO: val Loss:3.775 | Acc:0.1202 | F1:0.1011
2022-06-04 03:07:19,882 INFO: -----------------SAVE:10epoch----------------
2022-06-04 03:55:39,112 INFO: Epoch:[011/050]
2022-06-04 03:55:39,114 INFO: Train Loss:3.855 | Acc:0.0873 | F1:0.0787
2022-06-04 04:01:44,123 INFO: val Loss:3.514 | Acc:0.1430 | F1:0.1315
2022-06-04 04:01:45,631 INFO: -----------------SAVE:11epoch----------------
2022-06-04 04:50:15,250 INFO: Epoch:[012/050]
2022-06-04 04:50:15,252 INFO: Train Loss:3.715 | Acc:0.1078 | F1:0.0996
2022-06-04 04:56:23,104 INFO: val Loss:3.329 | Acc:0.1711 | F1:0.1600
2022-06-04 04:56:24,518 INFO: -----------------SAVE:12epoch----------------
2022-06-04 05:45:17,060 INFO: Epoch:[013/050]
2022-06-04 05:45:17,062 INFO: Train Loss:3.558 | Acc:0.1371 | F1:0.1298
2022-06-04 05:51:24,376 INFO: val Loss:3.259 | Acc:0.2044 | F1:0.1911
2022-06-04 05:51:25,548 INFO: -----------------SAVE:13epoch----------------
2022-06-04 06:40:20,624 INFO: Epoch:[014/050]
2022-06-04 06:40:20,625 INFO: Train Loss:3.445 | Acc:0.1567 | F1:0.1491
2022-06-04 06:46:29,646 INFO: val Loss:3.022 | Acc:0.2254 | F1:0.2161
2022-06-04 06:46:34,848 INFO: -----------------SAVE:14epoch----------------
2022-06-04 07:35:03,445 INFO: Epoch:[015/050]
2022-06-04 07:35:03,447 INFO: Train Loss:3.342 | Acc:0.1721 | F1:0.1663
2022-06-04 07:41:10,064 INFO: val Loss:3.194 | Acc:0.2114 | F1:0.2119
2022-06-04 08:29:25,978 INFO: Epoch:[016/050]
2022-06-04 08:29:25,979 INFO: Train Loss:3.259 | Acc:0.1906 | F1:0.1854
2022-06-04 08:35:29,926 INFO: val Loss:2.966 | Acc:0.2325 | F1:0.2250
2022-06-04 08:35:31,132 INFO: -----------------SAVE:16epoch----------------
2022-06-04 09:23:55,517 INFO: Epoch:[017/050]
2022-06-04 09:23:55,518 INFO: Train Loss:3.198 | Acc:0.2001 | F1:0.1952
2022-06-04 09:29:58,783 INFO: val Loss:2.802 | Acc:0.2430 | F1:0.2453
2022-06-04 09:29:59,939 INFO: -----------------SAVE:17epoch----------------
2022-06-04 10:18:52,782 INFO: Epoch:[018/050]
2022-06-04 10:18:52,783 INFO: Train Loss:3.082 | Acc:0.2153 | F1:0.2096
2022-06-04 10:24:58,515 INFO: val Loss:2.592 | Acc:0.2904 | F1:0.2773
2022-06-04 10:24:59,909 INFO: -----------------SAVE:18epoch----------------
2022-06-04 11:13:40,212 INFO: Epoch:[019/050]
2022-06-04 11:13:40,213 INFO: Train Loss:3.043 | Acc:0.2306 | F1:0.2252
2022-06-04 11:19:44,656 INFO: val Loss:2.575 | Acc:0.3018 | F1:0.2855
2022-06-04 11:19:46,225 INFO: -----------------SAVE:19epoch----------------
2022-06-04 12:08:32,836 INFO: Epoch:[020/050]
2022-06-04 12:08:32,837 INFO: Train Loss:3.003 | Acc:0.2342 | F1:0.2287
2022-06-04 12:14:37,035 INFO: val Loss:2.446 | Acc:0.3298 | F1:0.3128
2022-06-04 12:14:38,471 INFO: -----------------SAVE:20epoch----------------
2022-06-04 13:03:22,084 INFO: Epoch:[021/050]
2022-06-04 13:03:22,085 INFO: Train Loss:2.946 | Acc:0.2460 | F1:0.2403
2022-06-04 13:09:27,698 INFO: val Loss:2.377 | Acc:0.3316 | F1:0.3153
2022-06-04 13:09:29,130 INFO: -----------------SAVE:21epoch----------------
2022-06-04 13:58:04,698 INFO: Epoch:[022/050]
2022-06-04 13:58:04,699 INFO: Train Loss:2.867 | Acc:0.2614 | F1:0.2551
2022-06-04 14:04:11,274 INFO: val Loss:2.665 | Acc:0.2965 | F1:0.3007
2022-06-04 14:53:03,258 INFO: Epoch:[023/050]
2022-06-04 14:53:03,259 INFO: Train Loss:2.808 | Acc:0.2665 | F1:0.2628
2022-06-04 14:59:12,822 INFO: val Loss:2.220 | Acc:0.3807 | F1:0.3704
2022-06-04 14:59:15,802 INFO: -----------------SAVE:23epoch----------------
2022-06-04 15:42:20,220 INFO: Epoch:[024/050]
2022-06-04 15:42:20,221 INFO: Train Loss:2.762 | Acc:0.2808 | F1:0.2758
2022-06-04 15:46:32,708 INFO: val Loss:2.193 | Acc:0.3711 | F1:0.3606
2022-06-04 15:46:33,771 INFO: -----------------SAVE:24epoch----------------
2022-06-04 16:20:08,941 INFO: Epoch:[025/050]
2022-06-04 16:20:08,941 INFO: Train Loss:2.697 | Acc:0.2898 | F1:0.2847
2022-06-04 16:24:18,398 INFO: val Loss:2.293 | Acc:0.3465 | F1:0.3352
2022-06-04 16:58:13,238 INFO: Epoch:[026/050]
2022-06-04 16:58:13,239 INFO: Train Loss:2.663 | Acc:0.2950 | F1:0.2898
2022-06-04 17:02:21,630 INFO: val Loss:2.133 | Acc:0.3842 | F1:0.3762
2022-06-04 17:02:22,707 INFO: -----------------SAVE:26epoch----------------
2022-06-04 17:36:16,162 INFO: Epoch:[027/050]
2022-06-04 17:36:16,163 INFO: Train Loss:2.630 | Acc:0.3004 | F1:0.2962
2022-06-04 17:40:25,880 INFO: val Loss:2.035 | Acc:0.4088 | F1:0.3962
2022-06-04 17:40:27,052 INFO: -----------------SAVE:27epoch----------------
2022-06-04 18:28:38,387 INFO: Epoch:[028/050]
2022-06-04 18:28:38,388 INFO: Train Loss:2.566 | Acc:0.3138 | F1:0.3070
2022-06-04 18:34:41,277 INFO: val Loss:1.946 | Acc:0.4333 | F1:0.4172
2022-06-04 18:34:46,259 INFO: -----------------SAVE:28epoch----------------
2022-06-04 19:23:17,361 INFO: Epoch:[029/050]
2022-06-04 19:23:17,362 INFO: Train Loss:2.539 | Acc:0.3156 | F1:0.3085
2022-06-04 19:29:22,463 INFO: val Loss:2.020 | Acc:0.4114 | F1:0.4066
2022-06-04 20:13:26,758 INFO: Epoch:[030/050]
2022-06-04 20:13:26,759 INFO: Train Loss:2.499 | Acc:0.3302 | F1:0.3254
2022-06-04 20:17:35,505 INFO: val Loss:2.096 | Acc:0.4088 | F1:0.4001
2022-06-04 20:51:21,545 INFO: Epoch:[031/050]
2022-06-04 20:51:21,546 INFO: Train Loss:2.471 | Acc:0.3359 | F1:0.3318
2022-06-04 20:55:29,998 INFO: val Loss:1.959 | Acc:0.4158 | F1:0.4113
2022-06-04 21:29:13,054 INFO: Epoch:[032/050]
2022-06-04 21:29:13,055 INFO: Train Loss:2.429 | Acc:0.3359 | F1:0.3316
2022-06-04 21:33:20,607 INFO: val Loss:1.981 | Acc:0.4254 | F1:0.4236
2022-06-04 22:07:01,549 INFO: Epoch:[033/050]
2022-06-04 22:07:01,549 INFO: Train Loss:2.401 | Acc:0.3496 | F1:0.3444
2022-06-04 22:11:10,248 INFO: val Loss:1.924 | Acc:0.4281 | F1:0.4239
2022-06-04 22:11:18,365 INFO: -----------------SAVE:33epoch----------------
2022-06-04 22:44:59,540 INFO: Epoch:[034/050]
2022-06-04 22:44:59,541 INFO: Train Loss:2.349 | Acc:0.3508 | F1:0.3442
2022-06-04 22:49:06,866 INFO: val Loss:1.921 | Acc:0.4325 | F1:0.4275
2022-06-04 22:49:15,122 INFO: -----------------SAVE:34epoch----------------
2022-06-04 23:22:52,782 INFO: Epoch:[035/050]
2022-06-04 23:22:52,782 INFO: Train Loss:2.314 | Acc:0.3658 | F1:0.3605
2022-06-04 23:27:01,933 INFO: val Loss:1.994 | Acc:0.4219 | F1:0.4145
2022-06-05 00:00:49,303 INFO: Epoch:[036/050]
2022-06-05 00:00:49,304 INFO: Train Loss:2.298 | Acc:0.3636 | F1:0.3583
2022-06-05 00:04:58,268 INFO: val Loss:1.697 | Acc:0.4868 | F1:0.4758
2022-06-05 00:04:59,371 INFO: -----------------SAVE:36epoch----------------
2022-06-05 00:38:38,341 INFO: Epoch:[037/050]
2022-06-05 00:38:38,343 INFO: Train Loss:2.238 | Acc:0.3810 | F1:0.3756
2022-06-05 00:42:49,540 INFO: val Loss:1.809 | Acc:0.4386 | F1:0.4358
2022-06-05 01:16:31,926 INFO: Epoch:[038/050]
2022-06-05 01:16:31,927 INFO: Train Loss:2.210 | Acc:0.3832 | F1:0.3779
2022-06-05 01:20:40,645 INFO: val Loss:1.671 | Acc:0.4833 | F1:0.4758
2022-06-05 01:20:41,738 INFO: -----------------SAVE:38epoch----------------
2022-06-05 01:54:32,765 INFO: Epoch:[039/050]
2022-06-05 01:54:32,765 INFO: Train Loss:2.198 | Acc:0.3832 | F1:0.3763
2022-06-05 01:58:42,367 INFO: val Loss:1.681 | Acc:0.4895 | F1:0.4801
2022-06-05 02:32:21,049 INFO: Epoch:[040/050]
2022-06-05 02:32:21,050 INFO: Train Loss:2.142 | Acc:0.3994 | F1:0.3949
2022-06-05 02:36:29,014 INFO: val Loss:1.750 | Acc:0.4675 | F1:0.4574
2022-06-05 03:10:12,305 INFO: Epoch:[041/050]
2022-06-05 03:10:12,306 INFO: Train Loss:2.113 | Acc:0.4063 | F1:0.4022
2022-06-05 03:14:18,793 INFO: val Loss:1.535 | Acc:0.5158 | F1:0.5063
2022-06-05 03:14:19,934 INFO: -----------------SAVE:41epoch----------------
2022-06-05 03:47:56,529 INFO: Epoch:[042/050]
2022-06-05 03:47:56,531 INFO: Train Loss:2.081 | Acc:0.4117 | F1:0.4068
2022-06-05 03:52:04,398 INFO: val Loss:1.548 | Acc:0.5070 | F1:0.5004
2022-06-05 04:25:48,507 INFO: Epoch:[043/050]
2022-06-05 04:25:48,507 INFO: Train Loss:2.057 | Acc:0.4237 | F1:0.4195
2022-06-05 04:29:55,978 INFO: val Loss:1.495 | Acc:0.5184 | F1:0.5085
2022-06-05 04:29:57,259 INFO: -----------------SAVE:43epoch----------------
2022-06-05 05:03:42,019 INFO: Epoch:[044/050]
2022-06-05 05:03:42,019 INFO: Train Loss:2.027 | Acc:0.4287 | F1:0.4246
2022-06-05 05:07:53,248 INFO: val Loss:1.534 | Acc:0.5263 | F1:0.5194
2022-06-05 05:41:56,706 INFO: Epoch:[045/050]
2022-06-05 05:41:56,707 INFO: Train Loss:2.007 | Acc:0.4283 | F1:0.4236
2022-06-05 05:46:06,656 INFO: val Loss:1.469 | Acc:0.5333 | F1:0.5254
2022-06-05 05:46:07,745 INFO: -----------------SAVE:45epoch----------------
2022-06-05 06:20:08,913 INFO: Epoch:[046/050]
2022-06-05 06:20:08,913 INFO: Train Loss:1.970 | Acc:0.4367 | F1:0.4305
2022-06-05 06:24:20,377 INFO: val Loss:1.421 | Acc:0.5465 | F1:0.5398
2022-06-05 06:24:21,462 INFO: -----------------SAVE:46epoch----------------
2022-06-05 06:58:14,028 INFO: Epoch:[047/050]
2022-06-05 06:58:14,028 INFO: Train Loss:1.921 | Acc:0.4461 | F1:0.4417
2022-06-05 07:02:25,426 INFO: val Loss:1.411 | Acc:0.5544 | F1:0.5472
2022-06-05 07:02:26,506 INFO: -----------------SAVE:47epoch----------------
2022-06-05 07:36:24,828 INFO: Epoch:[048/050]
2022-06-05 07:36:24,829 INFO: Train Loss:1.921 | Acc:0.4444 | F1:0.4398
2022-06-05 07:40:36,616 INFO: val Loss:1.344 | Acc:0.5684 | F1:0.5636
2022-06-05 07:40:37,711 INFO: -----------------SAVE:48epoch----------------
2022-06-05 08:14:29,050 INFO: Epoch:[049/050]
2022-06-05 08:14:29,051 INFO: Train Loss:1.895 | Acc:0.4589 | F1:0.4542
2022-06-05 08:18:39,339 INFO: val Loss:1.361 | Acc:0.5737 | F1:0.5682
2022-06-05 08:52:39,470 INFO: Epoch:[050/050]
2022-06-05 08:52:39,471 INFO: Train Loss:1.864 | Acc:0.4586 | F1:0.4536
2022-06-05 08:56:50,660 INFO: val Loss:1.342 | Acc:0.5737 | F1:0.5662
2022-06-05 08:56:51,766 INFO: -----------------SAVE:50epoch----------------
2022-06-05 08:56:51,768 INFO: 
Best Val Epoch:50 | Val Loss:1.3420 | Val Acc:0.5737 | Val F1:0.5662
2022-06-05 08:56:51,768 INFO: Total Process time:2200.004Minute
